ProjectChuyenDe/app/build/intermediates/manifest_merge_blame_file/debug/manifest-merger-blame-debug-report.txt
1<?xml version="1.0" encoding="utf-8"?>
2<manifest xmlns:android="http://schemas.android.com/apk/res/android"
3    package="com.example.projectchuyende"
4    android:versionCode="1"
5    android:versionName="1.0" >
6
7    <uses-sdk
8        android:minSdkVersion="23"
8-->src\main\AndroidManifest.xml
9        android:targetSdkVersion="30" />
9-->src\main\AndroidManifest.xml
10
11    <uses-permission android:name="android.permission.INTERNET" />
11-->src\main\AndroidManifest.xml:5:5-67
11-->src\main\AndroidManifest.xml:5:22-64
12    <uses-permission android:name="android.permission.ACCESS_NETWORK_STATE" />
12-->src\main\AndroidManifest.xml:6:5-79
12-->src\main\AndroidManifest.xml:6:22-76
13
14    <application
14-->src\main\AndroidManifest.xml:8:5-41:19
15        android:allowBackup="true"
15-->src\main\AndroidManifest.xml:9:9-35
16        android:appComponentFactory="androidx.core.app.CoreComponentFactory"
16-->[androidx.core:core:1.3.1] AndroidManifest.xml:24:18-86
17        android:debuggable="true"
18        android:extractNativeLibs="false"
19        android:icon="@mipmap/ic_launcher"
19-->src\main\AndroidManifest.xml:10:9-43
20        android:label="@string/app_name"
20-->src\main\AndroidManifest.xml:11:9-41
21        android:roundIcon="@mipmap/ic_launcher"
21-->src\main\AndroidManifest.xml:12:9-48
22        android:supportsRtl="true"
22-->src\main\AndroidManifest.xml:13:9-35
23        android:testOnly="true"
24        android:theme="@style/AppTheme" >
24-->src\main\AndroidManifest.xml:14:9-40
25
26        <!-- <activity android:name=".List_staff"></activity> -->
27        <activity
27-->src\main\AndroidManifest.xml:16:9-25:20
28            android:name="com.example.projectchuyende.activity.LoadingActivity"
28-->src\main\AndroidManifest.xml:17:13-53
29            android:label="@string/app_name"
29-->src\main\AndroidManifest.xml:18:13-45
30            android:theme="@style/AppTheme.NoActionBar" >
30-->src\main\AndroidManifest.xml:19:13-56
31            <intent-filter>
31-->src\main\AndroidManifest.xml:20:13-24:29
32                <action android:name="android.intent.action.MAIN" />
32-->src\main\AndroidManifest.xml:21:17-69
32-->src\main\AndroidManifest.xml:21:25-66
33
34                <category android:name="android.intent.category.LAUNCHER" />
34-->src\main\AndroidManifest.xml:23:17-77
34-->src\main\AndroidManifest.xml:23:27-74
35            </intent-filter>
36        </activity>
37        <activity
37-->src\main\AndroidManifest.xml:26:9-30:70
38            android:name="com.example.projectchuyende.MainActivity"
38-->src\main\AndroidManifest.xml:27:13-41
39            android:screenOrientation="portrait"
39-->src\main\AndroidManifest.xml:28:13-49
40            android:theme="@style/AppTheme"
40-->src\main\AndroidManifest.xml:29:13-44
41            android:windowSoftInputMode="adjustResize|stateHidden" />
41-->src\main\AndroidManifest.xml:30:13-67
42        <activity
42-->src\main\AndroidManifest.xml:31:9-35:15
43            android:name="com.example.projectchuyende.activity.signup.SignUpActivity"
43-->src\main\AndroidManifest.xml:31:19-65
44            android:screenOrientation="portrait"
44-->src\main\AndroidManifest.xml:33:13-49
45            android:theme="@style/AppTheme.NoActionBar"
45-->src\main\AndroidManifest.xml:32:13-56
46            android:windowSoftInputMode="adjustResize|stateHidden" />
46-->src\main\AndroidManifest.xml:34:13-67
47        <activity
47-->src\main\AndroidManifest.xml:36:9-39:69
48            android:name="com.example.projectchuyende.activity.forgotpassword.ForgotPassWordActivity"
48-->src\main\AndroidManifest.xml:36:19-81
49            android:screenOrientation="portrait"
49-->src\main\AndroidManifest.xml:38:13-49
50            android:theme="@style/AppTheme.NoActionBar"
50-->src\main\AndroidManifest.xml:37:13-56
51            android:windowSoftInputMode="adjustResize|stateHidden" />
51-->src\main\AndroidManifest.xml:39:13-67
52
53        <service
53-->[com.google.firebase:firebase-database:19.5.1] AndroidManifest.xml:29:9-35:19
54            android:name="com.google.firebase.components.ComponentDiscoveryService"
54-->[com.google.firebase:firebase-database:19.5.1] AndroidManifest.xml:30:13-84
55            android:directBootAware="true"
55-->[com.google.firebase:firebase-common:19.4.0] AndroidManifest.xml:35:13-43
56            android:exported="false" >
56-->[com.google.firebase:firebase-database:19.5.1] AndroidManifest.xml:31:13-37
57            <meta-data
57-->[com.google.firebase:firebase-database:19.5.1] AndroidManifest.xml:32:13-34:85
58                android:name="com.google.firebase.components:com.google.firebase.database.DatabaseRegistrar"
58-->[com.google.firebase:firebase-database:19.5.1] AndroidManifest.xml:33:17-109
59                android:value="com.google.firebase.components.ComponentRegistrar" />
59-->[com.google.firebase:firebase-database:19.5.1] AndroidManifest.xml:34:17-82
60            <meta-data
60-->[com.google.firebase:firebase-auth:20.0.1] AndroidManifest.xml:77:13-79:85
61                android:name="com.google.firebase.components:com.google.firebase.auth.FirebaseAuthRegistrar"
61-->[com.google.firebase:firebase-auth:20.0.1] AndroidManifest.xml:78:17-109
62                android:value="com.google.firebase.components.ComponentRegistrar" />
62-->[com.google.firebase:firebase-auth:20.0.1] AndroidManifest.xml:79:17-82
63        </service>
64
65        <activity
65-->[com.google.firebase:firebase-auth:20.0.1] AndroidManifest.xml:27:9-44:20
66            android:name="com.google.firebase.auth.internal.GenericIdpActivity"
66-->[com.google.firebase:firebase-auth:20.0.1] AndroidManifest.xml:28:13-80
67            android:excludeFromRecents="true"
67-->[com.google.firebase:firebase-auth:20.0.1] AndroidManifest.xml:29:13-46
68            android:exported="true"
68-->[com.google.firebase:firebase-auth:20.0.1] AndroidManifest.xml:30:13-36
69            android:launchMode="singleTask"
69-->[com.google.firebase:firebase-auth:20.0.1] AndroidManifest.xml:31:13-44
70            android:theme="@android:style/Theme.Translucent.NoTitleBar" >
70-->[com.google.firebase:firebase-auth:20.0.1] AndroidManifest.xml:32:13-72
71            <intent-filter>
71-->[com.google.firebase:firebase-auth:20.0.1] AndroidManifest.xml:33:13-43:29
72                <action android:name="android.intent.action.VIEW" />
72-->[com.google.firebase:firebase-auth:20.0.1] AndroidManifest.xml:34:17-69
72-->[com.google.firebase:firebase-auth:20.0.1] AndroidManifest.xml:34:25-66
73
74                <category android:name="android.intent.category.DEFAULT" />
74-->[com.google.firebase:firebase-auth:20.0.1] AndroidManifest.xml:36:17-76
74-->[com.google.firebase:firebase-auth:20.0.1] AndroidManifest.xml:36:27-73
75                <category android:name="android.intent.category.BROWSABLE" />
75-->[com.google.firebase:firebase-auth:20.0.1] AndroidManifest.xml:37:17-78
75-->[com.google.firebase:firebase-auth:20.0.1] AndroidManifest.xml:37:27-75
76
77                <data
77-->[com.google.firebase:firebase-auth:20.0.1] AndroidManifest.xml:39:17-42:51
78                    android:host="firebase.auth"
78-->[com.google.firebase:firebase-auth:20.0.1] AndroidManifest.xml:40:21-49
79                    android:path="/"
79-->[com.google.firebase:firebase-auth:20.0.1] AndroidManifest.xml:41:21-37
80                    android:scheme="genericidp" />
80-->[com.google.firebase:firebase-auth:20.0.1] AndroidManifest.xml:42:21-48
81            </intent-filter>
82        </activity>
83        <activity
83-->[com.google.firebase:firebase-auth:20.0.1] AndroidManifest.xml:45:9-62:20
84            android:name="com.google.firebase.auth.internal.RecaptchaActivity"
84-->[com.google.firebase:firebase-auth:20.0.1] AndroidManifest.xml:46:13-79
85            android:excludeFromRecents="true"
85-->[com.google.firebase:firebase-auth:20.0.1] AndroidManifest.xml:47:13-46
86            android:exported="true"
86-->[com.google.firebase:firebase-auth:20.0.1] AndroidManifest.xml:48:13-36
87            android:launchMode="singleTask"
87-->[com.google.firebase:firebase-auth:20.0.1] AndroidManifest.xml:49:13-44
88            android:theme="@android:style/Theme.Translucent.NoTitleBar" >
88-->[com.google.firebase:firebase-auth:20.0.1] AndroidManifest.xml:50:13-72
89            <intent-filter>
89-->[com.google.firebase:firebase-auth:20.0.1] AndroidManifest.xml:51:13-61:29
90                <action android:name="android.intent.action.VIEW" />
90-->[com.google.firebase:firebase-auth:20.0.1] AndroidManifest.xml:34:17-69
90-->[com.google.firebase:firebase-auth:20.0.1] AndroidManifest.xml:34:25-66
91
92                <category android:name="android.intent.category.DEFAULT" />
92-->[com.google.firebase:firebase-auth:20.0.1] AndroidManifest.xml:36:17-76
92-->[com.google.firebase:firebase-auth:20.0.1] AndroidManifest.xml:36:27-73
93                <category android:name="android.intent.category.BROWSABLE" />
93-->[com.google.firebase:firebase-auth:20.0.1] AndroidManifest.xml:37:17-78
93-->[com.google.firebase:firebase-auth:20.0.1] AndroidManifest.xml:37:27-75
94
95                <data
95-->[com.google.firebase:firebase-auth:20.0.1] AndroidManifest.xml:39:17-42:51
96                    android:host="firebase.auth"
96-->[com.google.firebase:firebase-auth:20.0.1] AndroidManifest.xml:40:21-49
97                    android:path="/"
97-->[com.google.firebase:firebase-auth:20.0.1] AndroidManifest.xml:41:21-37
98                    android:scheme="recaptcha" />
98-->[com.google.firebase:firebase-auth:20.0.1] AndroidManifest.xml:42:21-48
99            </intent-filter>
100        </activity>
101
102        <service
102-->[com.google.firebase:firebase-auth:20.0.1] AndroidManifest.xml:64:9-73:19
103            android:name="com.google.firebase.auth.api.fallback.service.FirebaseAuthFallbackService"
103-->[com.google.firebase:firebase-auth:20.0.1] AndroidManifest.xml:65:13-101
104            android:enabled="true"
104-->[com.google.firebase:firebase-auth:20.0.1] AndroidManifest.xml:66:13-35
105            android:exported="false" >
105-->[com.google.firebase:firebase-auth:20.0.1] AndroidManifest.xml:67:13-37
106            <intent-filter>
106-->[com.google.firebase:firebase-auth:20.0.1] AndroidManifest.xml:68:13-72:29
107                <action android:name="com.google.firebase.auth.api.gms.service.START" />
107-->[com.google.firebase:firebase-auth:20.0.1] AndroidManifest.xml:69:17-89
107-->[com.google.firebase:firebase-auth:20.0.1] AndroidManifest.xml:69:25-86
108
109                <category android:name="android.intent.category.DEFAULT" />
109-->[com.google.firebase:firebase-auth:20.0.1] AndroidManifest.xml:36:17-76
109-->[com.google.firebase:firebase-auth:20.0.1] AndroidManifest.xml:36:27-73
110            </intent-filter>
111        </service>
112
113        <provider
113-->[com.google.firebase:firebase-common:19.4.0] AndroidManifest.xml:26:9-31:39
114            android:name="com.google.firebase.provider.FirebaseInitProvider"
114-->[com.google.firebase:firebase-common:19.4.0] AndroidManifest.xml:27:13-77
115            android:authorities="com.example.projectchuyende.firebaseinitprovider"
115-->[com.google.firebase:firebase-common:19.4.0] AndroidManifest.xml:28:13-72
116            android:directBootAware="true"
116-->[com.google.firebase:firebase-common:19.4.0] AndroidManifest.xml:29:13-43
117            android:exported="false"
117-->[com.google.firebase:firebase-common:19.4.0] AndroidManifest.xml:30:13-37
118            android:initOrder="100" />
118-->[com.google.firebase:firebase-common:19.4.0] AndroidManifest.xml:31:13-36
119
120        <activity
120-->[com.google.android.gms:play-services-base:17.1.0] AndroidManifest.xml:23:9-26:75
121            android:name="com.google.android.gms.common.api.GoogleApiActivity"
121-->[com.google.android.gms:play-services-base:17.1.0] AndroidManifest.xml:24:13-79
122            android:exported="false"
122-->[com.google.android.gms:play-services-base:17.1.0] AndroidManifest.xml:25:13-37
123            android:theme="@android:style/Theme.Translucent.NoTitleBar" />
123-->[com.google.android.gms:play-services-base:17.1.0] AndroidManifest.xml:26:13-72
124
125        <meta-data
125-->[com.google.android.gms:play-services-basement:17.1.0] AndroidManifest.xml:23:9-25:69
126            android:name="com.google.android.gms.version"
126-->[com.google.android.gms:play-services-basement:17.1.0] AndroidManifest.xml:24:13-58
127            android:value="@integer/google_play_services_version" />
127-->[com.google.android.gms:play-services-basement:17.1.0] AndroidManifest.xml:25:13-66
128
129        <provider
129-->[androidx.lifecycle:lifecycle-process:2.2.0] AndroidManifest.xml:25:9-29:43
130            android:name="androidx.lifecycle.ProcessLifecycleOwnerInitializer"
130-->[androidx.lifecycle:lifecycle-process:2.2.0] AndroidManifest.xml:26:13-79
131            android:authorities="com.example.projectchuyende.lifecycle-process"
131-->[androidx.lifecycle:lifecycle-process:2.2.0] AndroidManifest.xml:27:13-69
132            android:exported="false"
132-->[androidx.lifecycle:lifecycle-process:2.2.0] AndroidManifest.xml:28:13-37
133            android:multiprocess="true" />
133-->[androidx.lifecycle:lifecycle-process:2.2.0] AndroidManifest.xml:29:13-40
134    </application>
135
136</manifest>